<?xml version="1.0" encoding="UTF-8"?>
<!-- Generated by org.testng.reporters.JUnitReportReporter -->
<testsuite hostname="DESKTOP-MS8NCA7" failures="0" tests="4" name="testcases.LoginTest" time="28.886" errors="0" timestamp="2022-03-13T05:14:32 GMT" skipped="0">
  <testcase classname="testcases.LoginTest" name="LoginFailiureTest" time="8.176"/>
  <system-out/>
  <testcase classname="testcases.LoginTest" name="LoginSuccessTest" time="7.748"/>
  <system-out/>
  <testcase classname="testcases.LoginTest" name="ExternalDataTest" time="5.909"/>
  <system-out/>
  <testcase classname="testcases.LoginTest" name="ParameterizedTest" time="7.053"/>
  <system-out/>
</testsuite> <!-- testcases.LoginTest -->
