<?xml version="1.0" encoding="UTF-8"?>
<!-- Generated by org.testng.reporters.JUnitReportReporter -->
<testsuite skipped="0" hostname="DESKTOP-MS8NCA7" name="testcases.LoginTest" tests="4" failures="0" timestamp="2022-03-19T05:44:19 GMT" time="39.524" errors="0">
  <testcase name="LoginFailiureTest" time="10.627" classname="testcases.LoginTest"/>
  <system-out/>
  <testcase name="LoginSuccessTest" time="11.032" classname="testcases.LoginTest"/>
  <system-out/>
  <testcase name="ParameterizedTest" time="10.840" classname="testcases.LoginTest"/>
  <system-out/>
  <testcase name="ExternalDataTest" time="7.025" classname="testcases.LoginTest"/>
  <system-out/>
</testsuite> <!-- testcases.LoginTest -->
