<?xml version="1.0" encoding="UTF-8"?>
<!-- Generated by org.testng.reporters.JUnitReportReporter -->
<testsuite skipped="0" hostname="DESKTOP-MS8NCA7" name="testcases.LoginTest" tests="4" failures="0" timestamp="2022-03-13T05:17:01 GMT" time="35.899" errors="0">
  <testcase name="LoginFailiureTest" time="8.848" classname="testcases.LoginTest"/>
  <system-out/>
  <testcase name="LoginSuccessTest" time="9.011" classname="testcases.LoginTest"/>
  <system-out/>
  <testcase name="ParameterizedTest" time="10.511" classname="testcases.LoginTest"/>
  <system-out/>
  <testcase name="ExternalDataTest" time="7.529" classname="testcases.LoginTest"/>
  <system-out/>
</testsuite> <!-- testcases.LoginTest -->
